<?xml version="1.0" encoding="UTF-8"?>
<testsuite name="petPeople.pet.domain.post.service.PostServiceTest" tests="18" skipped="0" failures="0" errors="0" timestamp="2022-05-22T11:50:46" hostname="DESKTOP-F55RK1N" time="0.198">
  <properties/>
  <testcase name="없는 게시글 수정 테스트" classname="petPeople.pet.domain.post.service.PostServiceTest" time="0.119"/>
  <testcase name="로그인 한 상태에서 게시글 전체 조회 테스트" classname="petPeople.pet.domain.post.service.PostServiceTest" time="0.008"/>
  <testcase name="중복 게시글 좋아요" classname="petPeople.pet.domain.post.service.PostServiceTest" time="0.014"/>
  <testcase name="로그인 하지 않고 게시글 전체 조회 테스트" classname="petPeople.pet.domain.post.service.PostServiceTest" time="0.003"/>
  <testcase name="게시글 삭제 테스트" classname="petPeople.pet.domain.post.service.PostServiceTest" time="0.003"/>
  <testcase name="게시글 작성 테스트" classname="petPeople.pet.domain.post.service.PostServiceTest" time="0.004"/>
  <testcase name="게시글 수정 테스트" classname="petPeople.pet.domain.post.service.PostServiceTest" time="0.003"/>
  <testcase name="로그인 하지 않고 게시글 단건 조회" classname="petPeople.pet.domain.post.service.PostServiceTest" time="0.003"/>
  <testcase name="권한 없는 게시글 삭제 테스트" classname="petPeople.pet.domain.post.service.PostServiceTest" time="0.003"/>
  <testcase name="게시글 좋아요" classname="petPeople.pet.domain.post.service.PostServiceTest" time="0.004"/>
  <testcase name="북마크한 게시글 북마크 취소 테스트" classname="petPeople.pet.domain.post.service.PostServiceTest" time="0.003"/>
  <testcase name="없는 게시글 좋아요 테스트" classname="petPeople.pet.domain.post.service.PostServiceTest" time="0.002"/>
  <testcase name="로그인 하고 좋아요 누르지 않은 게시글 단건 조회" classname="petPeople.pet.domain.post.service.PostServiceTest" time="0.003"/>
  <testcase name="북마크하지 않은 게시글 북마크 취소 테스트" classname="petPeople.pet.domain.post.service.PostServiceTest" time="0.003"/>
  <testcase name="로그인 하고 좋아요 누른 게시글 단건 조회" classname="petPeople.pet.domain.post.service.PostServiceTest" time="0.005"/>
  <testcase name="존재하지 않는 게시글 조회" classname="petPeople.pet.domain.post.service.PostServiceTest" time="0.003"/>
  <testcase name="권한 없는 게시글 수정 테스트" classname="petPeople.pet.domain.post.service.PostServiceTest" time="0.002"/>
  <testcase name="북마크하지 않은 게시글 북마크 테스트" classname="petPeople.pet.domain.post.service.PostServiceTest" time="0.003"/>
  <system-out><![CDATA[]]></system-out>
  <system-err><![CDATA[]]></system-err>
</testsuite>
