<?xml version="1.0" encoding="UTF-8"?>
<testsuite name="petPeople.pet.domain.member.service.MemberServiceTest" tests="5" skipped="0" failures="0" errors="0" timestamp="2022-06-26T07:51:48" hostname="DESKTOP-F55RK1N" time="0.058">
  <properties/>
  <testcase name="중복 회원 가입 테스트" classname="petPeople.pet.domain.member.service.MemberServiceTest" time="0.038"/>
  <testcase name="회원 조회 테스트" classname="petPeople.pet.domain.member.service.MemberServiceTest" time="0.003"/>
  <testcase name="로컬 회원 가입 테스트" classname="petPeople.pet.domain.member.service.MemberServiceTest" time="0.006"/>
  <testcase name="닉네임 변경 테스트" classname="petPeople.pet.domain.member.service.MemberServiceTest" time="0.007"/>
  <testcase name="editIntroduceTest()" classname="petPeople.pet.domain.member.service.MemberServiceTest" time="0.001"/>
  <system-out><![CDATA[]]></system-out>
  <system-err><![CDATA[]]></system-err>
</testsuite>
