<?xml version="1.0" encoding="UTF-8"?>
<testsuite name="petPeople.pet.domain.meeting.service.MeetingServiceTest" tests="6" skipped="0" failures="0" errors="0" timestamp="2022-05-22T11:50:39" hostname="DESKTOP-F55RK1N" time="0.638">
  <properties/>
  <testcase name="미팅 전체 조회" classname="petPeople.pet.domain.meeting.service.MeetingServiceTest" time="0.599"/>
  <testcase name="미팅 생성 테스트" classname="petPeople.pet.domain.meeting.service.MeetingServiceTest" time="0.01"/>
  <testcase name="미팅 날짜가 모집 마감 날짜 이후 테스트" classname="petPeople.pet.domain.meeting.service.MeetingServiceTest" time="0.009"/>
  <testcase name="meetingEditTest()" classname="petPeople.pet.domain.meeting.service.MeetingServiceTest" time="0.009"/>
  <testcase name="존재 하지 않는 미팅 단건 조회" classname="petPeople.pet.domain.meeting.service.MeetingServiceTest" time="0.002"/>
  <testcase name="미팅 단건 조회" classname="petPeople.pet.domain.meeting.service.MeetingServiceTest" time="0.004"/>
  <system-out><![CDATA[]]></system-out>
  <system-err><![CDATA[]]></system-err>
</testsuite>
