<?xml version="1.0" encoding="UTF-8"?>
<testsuite name="petPeople.pet.domain.post.repository.PostCustomRepositoryImplTest" tests="1" skipped="0" failures="0" errors="0" timestamp="2022-06-26T07:52:03" hostname="DESKTOP-F55RK1N" time="1.177">
  <properties/>
  <testcase name="retrieveAllPostByTag()" classname="petPeople.pet.domain.post.repository.PostCustomRepositoryImplTest" time="1.177"/>
  <system-out><![CDATA[2022-06-26 16:51:48.287  INFO 20368 --- [    Test worker] .b.t.c.SpringBootTestContextBootstrapper : Neither @ContextConfiguration nor @ContextHierarchy found for test class [petPeople.pet.domain.post.repository.PostCustomRepositoryImplTest], using SpringBootContextLoader
2022-06-26 16:51:48.289  INFO 20368 --- [    Test worker] o.s.t.c.support.AbstractContextLoader    : Could not detect default resource locations for test class [petPeople.pet.domain.post.repository.PostCustomRepositoryImplTest]: no resource found for suffixes {-context.xml, Context.groovy}.
2022-06-26 16:51:48.290  INFO 20368 --- [    Test worker] t.c.s.AnnotationConfigContextLoaderUtils : Could not detect default configuration classes for test class [petPeople.pet.domain.post.repository.PostCustomRepositoryImplTest]: PostCustomRepositoryImplTest does not declare any static, non-private, non-final, nested classes annotated with @Configuration.
2022-06-26 16:51:48.321  INFO 20368 --- [    Test worker] .b.t.c.SpringBootTestContextBootstrapper : Found @SpringBootConfiguration petPeople.pet.PetApplication for test class petPeople.pet.domain.post.repository.PostCustomRepositoryImplTest
2022-06-26 16:51:48.326  INFO 20368 --- [    Test worker] .b.t.c.SpringBootTestContextBootstrapper : Loaded default TestExecutionListener class names from location [META-INF/spring.factories]: [org.springframework.security.test.context.support.WithSecurityContextTestExecutionListener, org.springframework.security.test.context.support.ReactorContextTestExecutionListener, org.springframework.boot.test.autoconfigure.restdocs.RestDocsTestExecutionListener, org.springframework.boot.test.autoconfigure.web.client.MockRestServiceServerResetTestExecutionListener, org.springframework.boot.test.autoconfigure.web.servlet.MockMvcPrintOnlyOnFailureTestExecutionListener, org.springframework.boot.test.autoconfigure.web.servlet.WebDriverTestExecutionListener, org.springframework.boot.test.autoconfigure.webservices.client.MockWebServiceServerTestExecutionListener, org.springframework.boot.test.mock.mockito.MockitoTestExecutionListener, org.springframework.boot.test.mock.mockito.ResetMocksTestExecutionListener, org.springframework.test.context.web.ServletTestExecutionListener, org.springframework.test.context.support.DirtiesContextBeforeModesTestExecutionListener, org.springframework.test.context.event.ApplicationEventsTestExecutionListener, org.springframework.test.context.support.DependencyInjectionTestExecutionListener, org.springframework.test.context.support.DirtiesContextTestExecutionListener, org.springframework.test.context.transaction.TransactionalTestExecutionListener, org.springframework.test.context.jdbc.SqlScriptsTestExecutionListener, org.springframework.test.context.event.EventPublishingTestExecutionListener]
2022-06-26 16:51:48.329  INFO 20368 --- [    Test worker] .b.t.c.SpringBootTestContextBootstrapper : Using TestExecutionListeners: [org.springframework.test.context.web.ServletTestExecutionListener@406cf37f, org.springframework.test.context.support.DirtiesContextBeforeModesTestExecutionListener@7d412ab5, org.springframework.test.context.event.ApplicationEventsTestExecutionListener@74ee07e, org.springframework.boot.test.mock.mockito.MockitoTestExecutionListener@3c88db1, org.springframework.boot.test.autoconfigure.SpringBootDependencyInjectionTestExecutionListener@241861bc, org.springframework.test.context.support.DirtiesContextTestExecutionListener@5078e308, org.springframework.test.context.transaction.TransactionalTestExecutionListener@2045a469, org.springframework.test.context.jdbc.SqlScriptsTestExecutionListener@672710d5, org.springframework.security.test.context.support.WithSecurityContextTestExecutionListener@55880c, org.springframework.test.context.event.EventPublishingTestExecutionListener@17224bad, org.springframework.security.test.context.support.ReactorContextTestExecutionListener@1ac9c3cc, org.springframework.boot.test.autoconfigure.restdocs.RestDocsTestExecutionListener@4537c9f8, org.springframework.boot.test.autoconfigure.web.client.MockRestServiceServerResetTestExecutionListener@698e2cba, org.springframework.boot.test.autoconfigure.web.servlet.MockMvcPrintOnlyOnFailureTestExecutionListener@6cf47d05, org.springframework.boot.test.autoconfigure.web.servlet.WebDriverTestExecutionListener@38f704f4, org.springframework.boot.test.autoconfigure.webservices.client.MockWebServiceServerTestExecutionListener@43f4621b, org.springframework.boot.test.mock.mockito.ResetMocksTestExecutionListener@5b076d23]

  .   ____          _            __ _ _
 /\\ / ___'_ __ _ _(_)_ __  __ _ \ \ \ \
( ( )\___ | '_ | '_| | '_ \/ _` | \ \ \ \
 \\/  ___)| |_)| | | | | || (_| |  ) ) ) )
  '  |____| .__|_| |_|_| |_\__, | / / / /
 =========|_|==============|___/=/_/_/_/
 :: Spring Boot ::                (v2.6.7)

2022-06-26 16:51:48.448  INFO 20368 --- [    Test worker] p.p.d.p.r.PostCustomRepositoryImplTest   : Starting PostCustomRepositoryImplTest using Java 11.0.9 on DESKTOP-F55RK1N with PID 20368 (started by ksw in D:\springStudy\pet)
2022-06-26 16:51:48.448  INFO 20368 --- [    Test worker] p.p.d.p.r.PostCustomRepositoryImplTest   : The following 1 profile is active: "local"
2022-06-26 16:51:49.526  INFO 20368 --- [    Test worker] .s.d.r.c.RepositoryConfigurationDelegate : Bootstrapping Spring Data JPA repositories in DEFAULT mode.
2022-06-26 16:51:50.349  INFO 20368 --- [    Test worker] .s.d.r.c.RepositoryConfigurationDelegate : Finished Spring Data repository scanning in 822 ms. Found 17 JPA repository interfaces.
2022-06-26 16:51:51.293  INFO 20368 --- [    Test worker] o.hibernate.jpa.internal.util.LogHelper  : HHH000204: Processing PersistenceUnitInfo [name: default]
2022-06-26 16:51:51.377  INFO 20368 --- [    Test worker] com.zaxxer.hikari.HikariDataSource       : HikariPool-3 - Starting...
2022-06-26 16:51:52.757  INFO 20368 --- [    Test worker] com.zaxxer.hikari.HikariDataSource       : HikariPool-3 - Start completed.
2022-06-26 16:51:52.763  INFO 20368 --- [    Test worker] org.hibernate.dialect.Dialect            : HHH000400: Using dialect: org.hibernate.dialect.MySQL8Dialect
2022-06-26 16:51:54.654  INFO 20368 --- [    Test worker] p6spy                                    : #1656229914654 | took 8ms | statement | connection 11| url jdbc:mysql://localhost:3306/pet?serverTimezone=Asia/Seoul&characterEncoding=UTF-8
select * from `pet`.`comment` where 1=0
select * from `pet`.`comment` where 1=0;
2022-06-26 16:51:54.668  INFO 20368 --- [    Test worker] p6spy                                    : #1656229914668 | took 3ms | statement | connection 11| url jdbc:mysql://localhost:3306/pet?serverTimezone=Asia/Seoul&characterEncoding=UTF-8
select * from `pet`.`member` where 1=0
select * from `pet`.`member` where 1=0;
2022-06-26 16:51:54.677  INFO 20368 --- [    Test worker] p6spy                                    : #1656229914677 | took 3ms | statement | connection 11| url jdbc:mysql://localhost:3306/pet?serverTimezone=Asia/Seoul&characterEncoding=UTF-8
select * from `pet`.`post` where 1=0
select * from `pet`.`post` where 1=0;
2022-06-26 16:51:54.724  INFO 20368 --- [    Test worker] p6spy                                    : #1656229914724 | took 1ms | statement | connection 11| url jdbc:mysql://localhost:3306/pet?serverTimezone=Asia/Seoul&characterEncoding=UTF-8
select * from `pet`.`comment` where 1=0
select * from `pet`.`comment` where 1=0;
2022-06-26 16:51:54.730  INFO 20368 --- [    Test worker] p6spy                                    : #1656229914730 | took 1ms | statement | connection 11| url jdbc:mysql://localhost:3306/pet?serverTimezone=Asia/Seoul&characterEncoding=UTF-8
select * from `pet`.`member` where 1=0
select * from `pet`.`member` where 1=0;
2022-06-26 16:51:54.748  INFO 20368 --- [    Test worker] p6spy                                    : #1656229914748 | took 1ms | statement | connection 11| url jdbc:mysql://localhost:3306/pet?serverTimezone=Asia/Seoul&characterEncoding=UTF-8
select * from `pet`.`member` where 1=0
select * from `pet`.`member` where 1=0;
2022-06-26 16:51:54.769  INFO 20368 --- [    Test worker] p6spy                                    : #1656229914769 | took 2ms | statement | connection 11| url jdbc:mysql://localhost:3306/pet?serverTimezone=Asia/Seoul&characterEncoding=UTF-8
select * from `pet`.`meeting_post` where 1=0
select * from `pet`.`meeting_post` where 1=0;
2022-06-26 16:51:54.780  INFO 20368 --- [    Test worker] p6spy                                    : #1656229914780 | took 1ms | statement | connection 11| url jdbc:mysql://localhost:3306/pet?serverTimezone=Asia/Seoul&characterEncoding=UTF-8
select * from `pet`.`member` where 1=0
select * from `pet`.`member` where 1=0;
2022-06-26 16:51:54.799  INFO 20368 --- [    Test worker] p6spy                                    : #1656229914799 | took 2ms | statement | connection 11| url jdbc:mysql://localhost:3306/pet?serverTimezone=Asia/Seoul&characterEncoding=UTF-8
select * from `pet`.`meeting_comment` where 1=0
select * from `pet`.`meeting_comment` where 1=0;
2022-06-26 16:51:54.805  INFO 20368 --- [    Test worker] p6spy                                    : #1656229914805 | took 1ms | statement | connection 11| url jdbc:mysql://localhost:3306/pet?serverTimezone=Asia/Seoul&characterEncoding=UTF-8
select * from `pet`.`member` where 1=0
select * from `pet`.`member` where 1=0;
2022-06-26 16:51:54.823  INFO 20368 --- [    Test worker] p6spy                                    : #1656229914823 | took 2ms | statement | connection 11| url jdbc:mysql://localhost:3306/pet?serverTimezone=Asia/Seoul&characterEncoding=UTF-8
select * from `pet`.`meeting` where 1=0
select * from `pet`.`meeting` where 1=0;
2022-06-26 16:51:54.842  INFO 20368 --- [    Test worker] p6spy                                    : #1656229914842 | took 1ms | statement | connection 11| url jdbc:mysql://localhost:3306/pet?serverTimezone=Asia/Seoul&characterEncoding=UTF-8
select * from `pet`.`meeting` where 1=0
select * from `pet`.`meeting` where 1=0;
2022-06-26 16:51:54.848  INFO 20368 --- [    Test worker] p6spy                                    : #1656229914848 | took 1ms | statement | connection 11| url jdbc:mysql://localhost:3306/pet?serverTimezone=Asia/Seoul&characterEncoding=UTF-8
select * from `pet`.`member` where 1=0
select * from `pet`.`member` where 1=0;
2022-06-26 16:51:54.863  INFO 20368 --- [    Test worker] p6spy                                    : #1656229914863 | took 1ms | statement | connection 11| url jdbc:mysql://localhost:3306/pet?serverTimezone=Asia/Seoul&characterEncoding=UTF-8
select * from `pet`.`meeting` where 1=0
select * from `pet`.`meeting` where 1=0;
2022-06-26 16:51:54.869  INFO 20368 --- [    Test worker] p6spy                                    : #1656229914869 | took 1ms | statement | connection 11| url jdbc:mysql://localhost:3306/pet?serverTimezone=Asia/Seoul&characterEncoding=UTF-8
select * from `pet`.`member` where 1=0
select * from `pet`.`member` where 1=0;
2022-06-26 16:51:54.887  INFO 20368 --- [    Test worker] p6spy                                    : #1656229914887 | took 2ms | statement | connection 11| url jdbc:mysql://localhost:3306/pet?serverTimezone=Asia/Seoul&characterEncoding=UTF-8
select * from `pet`.`meeting_post` where 1=0
select * from `pet`.`meeting_post` where 1=0;
2022-06-26 16:51:54.895  INFO 20368 --- [    Test worker] p6spy                                    : #1656229914895 | took 1ms | statement | connection 11| url jdbc:mysql://localhost:3306/pet?serverTimezone=Asia/Seoul&characterEncoding=UTF-8
select * from `pet`.`member` where 1=0
select * from `pet`.`member` where 1=0;
2022-06-26 16:51:54.910  INFO 20368 --- [    Test worker] p6spy                                    : #1656229914910 | took 1ms | statement | connection 11| url jdbc:mysql://localhost:3306/pet?serverTimezone=Asia/Seoul&characterEncoding=UTF-8
select * from `pet`.`meeting_post` where 1=0
select * from `pet`.`meeting_post` where 1=0;
2022-06-26 16:51:54.915  INFO 20368 --- [    Test worker] p6spy                                    : #1656229914915 | took 1ms | statement | connection 11| url jdbc:mysql://localhost:3306/pet?serverTimezone=Asia/Seoul&characterEncoding=UTF-8
select * from `pet`.`member` where 1=0
select * from `pet`.`member` where 1=0;
2022-06-26 16:51:54.930  INFO 20368 --- [    Test worker] p6spy                                    : #1656229914930 | took 1ms | statement | connection 11| url jdbc:mysql://localhost:3306/pet?serverTimezone=Asia/Seoul&characterEncoding=UTF-8
select * from `pet`.`meeting` where 1=0
select * from `pet`.`meeting` where 1=0;
2022-06-26 16:51:54.936  INFO 20368 --- [    Test worker] p6spy                                    : #1656229914936 | took 1ms | statement | connection 11| url jdbc:mysql://localhost:3306/pet?serverTimezone=Asia/Seoul&characterEncoding=UTF-8
select * from `pet`.`member` where 1=0
select * from `pet`.`member` where 1=0;
2022-06-26 16:51:54.955  INFO 20368 --- [    Test worker] p6spy                                    : #1656229914955 | took 1ms | statement | connection 11| url jdbc:mysql://localhost:3306/pet?serverTimezone=Asia/Seoul&characterEncoding=UTF-8
select * from `pet`.`member` where 1=0
select * from `pet`.`member` where 1=0;
2022-06-26 16:51:54.961  INFO 20368 --- [    Test worker] p6spy                                    : #1656229914961 | took 1ms | statement | connection 11| url jdbc:mysql://localhost:3306/pet?serverTimezone=Asia/Seoul&characterEncoding=UTF-8
select * from `pet`.`member` where 1=0
select * from `pet`.`member` where 1=0;
2022-06-26 16:51:54.978  INFO 20368 --- [    Test worker] p6spy                                    : #1656229914978 | took 1ms | statement | connection 11| url jdbc:mysql://localhost:3306/pet?serverTimezone=Asia/Seoul&characterEncoding=UTF-8
select * from `pet`.`member` where 1=0
select * from `pet`.`member` where 1=0;
2022-06-26 16:51:55.005  INFO 20368 --- [    Test worker] p6spy                                    : #1656229915005 | took 1ms | statement | connection 11| url jdbc:mysql://localhost:3306/pet?serverTimezone=Asia/Seoul&characterEncoding=UTF-8
select * from `pet`.`member` where 1=0
select * from `pet`.`member` where 1=0;
2022-06-26 16:51:55.013  INFO 20368 --- [    Test worker] p6spy                                    : #1656229915013 | took 1ms | statement | connection 11| url jdbc:mysql://localhost:3306/pet?serverTimezone=Asia/Seoul&characterEncoding=UTF-8
select * from `pet`.`post` where 1=0
select * from `pet`.`post` where 1=0;
2022-06-26 16:51:55.028  INFO 20368 --- [    Test worker] p6spy                                    : #1656229915028 | took 0ms | statement | connection 11| url jdbc:mysql://localhost:3306/pet?serverTimezone=Asia/Seoul&characterEncoding=UTF-8
select * from `pet`.`post` where 1=0
select * from `pet`.`post` where 1=0;
2022-06-26 16:51:55.043  INFO 20368 --- [    Test worker] p6spy                                    : #1656229915043 | took 1ms | statement | connection 11| url jdbc:mysql://localhost:3306/pet?serverTimezone=Asia/Seoul&characterEncoding=UTF-8
select * from `pet`.`member` where 1=0
select * from `pet`.`member` where 1=0;
2022-06-26 16:51:55.048  INFO 20368 --- [    Test worker] p6spy                                    : #1656229915048 | took 1ms | statement | connection 11| url jdbc:mysql://localhost:3306/pet?serverTimezone=Asia/Seoul&characterEncoding=UTF-8
select * from `pet`.`post` where 1=0
select * from `pet`.`post` where 1=0;
2022-06-26 16:51:55.073  INFO 20368 --- [    Test worker] p6spy                                    : #1656229915073 | took 1ms | statement | connection 11| url jdbc:mysql://localhost:3306/pet?serverTimezone=Asia/Seoul&characterEncoding=UTF-8
select * from `pet`.`post` where 1=0
select * from `pet`.`post` where 1=0;
2022-06-26 16:51:55.075  INFO 20368 --- [    Test worker] o.h.e.t.j.p.i.JtaPlatformInitiator       : HHH000490: Using JtaPlatform implementation: [org.hibernate.engine.transaction.jta.platform.internal.NoJtaPlatform]
2022-06-26 16:51:55.076  INFO 20368 --- [    Test worker] j.LocalContainerEntityManagerFactoryBean : Initialized JPA EntityManagerFactory for persistence unit 'default'
2022-06-26 16:51:57.313  INFO 20368 --- [    Test worker] petPeople.pet.config.auth.AuthConfig     : Initializing local AuthFilter
2022-06-26 16:51:59.383  WARN 20368 --- [    Test worker] o.s.s.c.a.web.builders.WebSecurity       : You are asking Spring Security to ignore Ant [pattern='/members/local', POST]. This is not recommended -- please use permitAll via HttpSecurity#authorizeHttpRequests instead.
2022-06-26 16:51:59.384  INFO 20368 --- [    Test worker] o.s.s.web.DefaultSecurityFilterChain     : Will not secure Ant [pattern='/members/local', POST]
2022-06-26 16:51:59.385  WARN 20368 --- [    Test worker] o.s.s.c.a.web.builders.WebSecurity       : You are asking Spring Security to ignore Ant [pattern='/members', POST]. This is not recommended -- please use permitAll via HttpSecurity#authorizeHttpRequests instead.
2022-06-26 16:51:59.385  INFO 20368 --- [    Test worker] o.s.s.web.DefaultSecurityFilterChain     : Will not secure Ant [pattern='/members', POST]
2022-06-26 16:51:59.385  WARN 20368 --- [    Test worker] o.s.s.c.a.web.builders.WebSecurity       : You are asking Spring Security to ignore Ant [pattern='/posts/**', GET]. This is not recommended -- please use permitAll via HttpSecurity#authorizeHttpRequests instead.
2022-06-26 16:51:59.385  INFO 20368 --- [    Test worker] o.s.s.web.DefaultSecurityFilterChain     : Will not secure Ant [pattern='/posts/**', GET]
2022-06-26 16:51:59.385  WARN 20368 --- [    Test worker] o.s.s.c.a.web.builders.WebSecurity       : You are asking Spring Security to ignore Ant [pattern='/css/**']. This is not recommended -- please use permitAll via HttpSecurity#authorizeHttpRequests instead.
2022-06-26 16:51:59.386  INFO 20368 --- [    Test worker] o.s.s.web.DefaultSecurityFilterChain     : Will not secure Ant [pattern='/css/**']
2022-06-26 16:51:59.386  WARN 20368 --- [    Test worker] o.s.s.c.a.web.builders.WebSecurity       : You are asking Spring Security to ignore Ant [pattern='/static/**']. This is not recommended -- please use permitAll via HttpSecurity#authorizeHttpRequests instead.
2022-06-26 16:51:59.386  INFO 20368 --- [    Test worker] o.s.s.web.DefaultSecurityFilterChain     : Will not secure Ant [pattern='/static/**']
2022-06-26 16:51:59.386  WARN 20368 --- [    Test worker] o.s.s.c.a.web.builders.WebSecurity       : You are asking Spring Security to ignore Ant [pattern='/js/**']. This is not recommended -- please use permitAll via HttpSecurity#authorizeHttpRequests instead.
2022-06-26 16:51:59.386  INFO 20368 --- [    Test worker] o.s.s.web.DefaultSecurityFilterChain     : Will not secure Ant [pattern='/js/**']
2022-06-26 16:51:59.386  WARN 20368 --- [    Test worker] o.s.s.c.a.web.builders.WebSecurity       : You are asking Spring Security to ignore Ant [pattern='/img/**']. This is not recommended -- please use permitAll via HttpSecurity#authorizeHttpRequests instead.
2022-06-26 16:51:59.386  INFO 20368 --- [    Test worker] o.s.s.web.DefaultSecurityFilterChain     : Will not secure Ant [pattern='/img/**']
2022-06-26 16:51:59.386  WARN 20368 --- [    Test worker] o.s.s.c.a.web.builders.WebSecurity       : You are asking Spring Security to ignore Ant [pattern='/fonts/**']. This is not recommended -- please use permitAll via HttpSecurity#authorizeHttpRequests instead.
2022-06-26 16:51:59.386  INFO 20368 --- [    Test worker] o.s.s.web.DefaultSecurityFilterChain     : Will not secure Ant [pattern='/fonts/**']
2022-06-26 16:51:59.386  WARN 20368 --- [    Test worker] o.s.s.c.a.web.builders.WebSecurity       : You are asking Spring Security to ignore Ant [pattern='/vendor/**']. This is not recommended -- please use permitAll via HttpSecurity#authorizeHttpRequests instead.
2022-06-26 16:51:59.386  INFO 20368 --- [    Test worker] o.s.s.web.DefaultSecurityFilterChain     : Will not secure Ant [pattern='/vendor/**']
2022-06-26 16:51:59.386  WARN 20368 --- [    Test worker] o.s.s.c.a.web.builders.WebSecurity       : You are asking Spring Security to ignore Ant [pattern='/favicon.ico']. This is not recommended -- please use permitAll via HttpSecurity#authorizeHttpRequests instead.
2022-06-26 16:51:59.387  INFO 20368 --- [    Test worker] o.s.s.web.DefaultSecurityFilterChain     : Will not secure Ant [pattern='/favicon.ico']
2022-06-26 16:51:59.387  WARN 20368 --- [    Test worker] o.s.s.c.a.web.builders.WebSecurity       : You are asking Spring Security to ignore Ant [pattern='/pages/**']. This is not recommended -- please use permitAll via HttpSecurity#authorizeHttpRequests instead.
2022-06-26 16:51:59.387  INFO 20368 --- [    Test worker] o.s.s.web.DefaultSecurityFilterChain     : Will not secure Ant [pattern='/pages/**']
2022-06-26 16:51:59.387  WARN 20368 --- [    Test worker] o.s.s.c.a.web.builders.WebSecurity       : You are asking Spring Security to ignore Ant [pattern='/v2/api-docs']. This is not recommended -- please use permitAll via HttpSecurity#authorizeHttpRequests instead.
2022-06-26 16:51:59.387  INFO 20368 --- [    Test worker] o.s.s.web.DefaultSecurityFilterChain     : Will not secure Ant [pattern='/v2/api-docs']
2022-06-26 16:51:59.387  WARN 20368 --- [    Test worker] o.s.s.c.a.web.builders.WebSecurity       : You are asking Spring Security to ignore Ant [pattern='/configuration/**']. This is not recommended -- please use permitAll via HttpSecurity#authorizeHttpRequests instead.
2022-06-26 16:51:59.388  INFO 20368 --- [    Test worker] o.s.s.web.DefaultSecurityFilterChain     : Will not secure Ant [pattern='/configuration/**']
2022-06-26 16:51:59.388  WARN 20368 --- [    Test worker] o.s.s.c.a.web.builders.WebSecurity       : You are asking Spring Security to ignore Ant [pattern='/swagger*/**']. This is not recommended -- please use permitAll via HttpSecurity#authorizeHttpRequests instead.
2022-06-26 16:51:59.388  INFO 20368 --- [    Test worker] o.s.s.web.DefaultSecurityFilterChain     : Will not secure Ant [pattern='/swagger*/**']
2022-06-26 16:51:59.388  WARN 20368 --- [    Test worker] o.s.s.c.a.web.builders.WebSecurity       : You are asking Spring Security to ignore Ant [pattern='/webjars/**']. This is not recommended -- please use permitAll via HttpSecurity#authorizeHttpRequests instead.
2022-06-26 16:51:59.388  INFO 20368 --- [    Test worker] o.s.s.web.DefaultSecurityFilterChain     : Will not secure Ant [pattern='/webjars/**']
2022-06-26 16:51:59.867  INFO 20368 --- [    Test worker] o.s.s.web.DefaultSecurityFilterChain     : Will secure any request with [org.springframework.security.web.context.request.async.WebAsyncManagerIntegrationFilter@79414283, org.springframework.security.web.context.SecurityContextPersistenceFilter@1e4dc9fc, org.springframework.security.web.header.HeaderWriterFilter@6fb9179e, org.springframework.security.web.authentication.logout.LogoutFilter@c8d0ea3, petPeople.pet.filter.MockJwtFilter@31857c80, org.springframework.security.web.savedrequest.RequestCacheAwareFilter@7efaa137, org.springframework.security.web.servletapi.SecurityContextHolderAwareRequestFilter@5dc83abb, org.springframework.security.web.authentication.AnonymousAuthenticationFilter@7ff61924, org.springframework.security.web.session.SessionManagementFilter@4a596fc1, org.springframework.security.web.access.ExceptionTranslationFilter@3dbcdd4a, org.springframework.security.web.access.intercept.FilterSecurityInterceptor@41c983d3]
2022-06-26 16:52:03.052  INFO 20368 --- [    Test worker] p.p.d.p.r.PostCustomRepositoryImplTest   : Started PostCustomRepositoryImplTest in 14.719 seconds (JVM running for 30.772)
2022-06-26 16:52:03.126  INFO 20368 --- [    Test worker] o.s.t.c.transaction.TransactionContext   : Began transaction (1) for test context [DefaultTestContext@63112b testClass = PostCustomRepositoryImplTest, testInstance = petPeople.pet.domain.post.repository.PostCustomRepositoryImplTest@3789bd95, testMethod = retrieveAllPostByTag@PostCustomRepositoryImplTest, testException = [null], mergedContextConfiguration = [WebMergedContextConfiguration@70382eb1 testClass = PostCustomRepositoryImplTest, locations = '{}', classes = '{class petPeople.pet.PetApplication}', contextInitializerClasses = '[]', activeProfiles = '{local}', propertySourceLocations = '{}', propertySourceProperties = '{org.springframework.boot.test.context.SpringBootTestContextBootstrapper=true}', contextCustomizers = set[org.springframework.boot.test.autoconfigure.actuate.metrics.MetricsExportContextCustomizerFactory$DisableMetricExportContextCustomizer@56f6d40b, org.springframework.boot.test.autoconfigure.properties.PropertyMappingContextCustomizer@0, org.springframework.boot.test.autoconfigure.web.servlet.WebDriverContextCustomizerFactory$Customizer@277f7dd3, org.springframework.boot.test.context.filter.ExcludeFilterContextCustomizer@292d1c71, org.springframework.boot.test.json.DuplicateJsonObjectContextCustomizerFactory$DuplicateJsonObjectContextCustomizer@1c55f277, org.springframework.boot.test.mock.mockito.MockitoContextCustomizer@0, org.springframework.boot.test.web.client.TestRestTemplateContextCustomizer@73c60324, org.springframework.boot.test.context.SpringBootTestArgs@1, org.springframework.boot.test.context.SpringBootTestWebEnvironment@28b46423], resourceBasePath = 'src/main/webapp', contextLoader = 'org.springframework.boot.test.context.SpringBootContextLoader', parent = [null]], attributes = map['org.springframework.test.context.web.ServletTestExecutionListener.activateListener' -> true, 'org.springframework.test.context.web.ServletTestExecutionListener.populatedRequestContextHolder' -> true, 'org.springframework.test.context.web.ServletTestExecutionListener.resetRequestContextHolder' -> true, 'org.springframework.test.context.event.ApplicationEventsTestExecutionListener.recordApplicationEvents' -> false]]; transaction manager [org.springframework.orm.jpa.JpaTransactionManager@34a7decd]; rollback [true]
2022-06-26 16:52:03.293 DEBUG 20368 --- [    Test worker] org.hibernate.SQL                        : 
    select
        next_val as id_val 
    from
        hibernate_sequence for update
            
2022-06-26 16:52:03.306  INFO 20368 --- [    Test worker] p6spy                                    : #1656229923306 | took 12ms | statement | connection 13| url jdbc:mysql://localhost:3306/pet?serverTimezone=Asia/Seoul&characterEncoding=UTF-8
select next_val as id_val from hibernate_sequence for update
select next_val as id_val from hibernate_sequence for update;
2022-06-26 16:52:03.308 DEBUG 20368 --- [    Test worker] org.hibernate.SQL                        : 
    update
        hibernate_sequence 
    set
        next_val= ? 
    where
        next_val=?
2022-06-26 16:52:03.332  INFO 20368 --- [    Test worker] p6spy                                    : #1656229923332 | took 22ms | statement | connection 13| url jdbc:mysql://localhost:3306/pet?serverTimezone=Asia/Seoul&characterEncoding=UTF-8
update hibernate_sequence set next_val= ? where next_val=?
update hibernate_sequence set next_val= 172 where next_val=171;
2022-06-26 16:52:03.352  INFO 20368 --- [    Test worker] p6spy                                    : #1656229923352 | took 19ms | commit | connection 13| url jdbc:mysql://localhost:3306/pet?serverTimezone=Asia/Seoul&characterEncoding=UTF-8

;
2022-06-26 16:52:03.418 DEBUG 20368 --- [    Test worker] org.hibernate.SQL                        : 
    select
        next_val as id_val 
    from
        hibernate_sequence for update
            
2022-06-26 16:52:03.419  INFO 20368 --- [    Test worker] p6spy                                    : #1656229923419 | took 1ms | statement | connection 14| url jdbc:mysql://localhost:3306/pet?serverTimezone=Asia/Seoul&characterEncoding=UTF-8
select next_val as id_val from hibernate_sequence for update
select next_val as id_val from hibernate_sequence for update;
2022-06-26 16:52:03.420 DEBUG 20368 --- [    Test worker] org.hibernate.SQL                        : 
    update
        hibernate_sequence 
    set
        next_val= ? 
    where
        next_val=?
2022-06-26 16:52:03.423  INFO 20368 --- [    Test worker] p6spy                                    : #1656229923423 | took 2ms | statement | connection 14| url jdbc:mysql://localhost:3306/pet?serverTimezone=Asia/Seoul&characterEncoding=UTF-8
update hibernate_sequence set next_val= ? where next_val=?
update hibernate_sequence set next_val= 173 where next_val=172;
2022-06-26 16:52:03.433  INFO 20368 --- [    Test worker] p6spy                                    : #1656229923433 | took 10ms | commit | connection 14| url jdbc:mysql://localhost:3306/pet?serverTimezone=Asia/Seoul&characterEncoding=UTF-8

;
2022-06-26 16:52:03.437 DEBUG 20368 --- [    Test worker] org.hibernate.SQL                        : 
    select
        next_val as id_val 
    from
        hibernate_sequence for update
            
2022-06-26 16:52:03.438  INFO 20368 --- [    Test worker] p6spy                                    : #1656229923438 | took 1ms | statement | connection 15| url jdbc:mysql://localhost:3306/pet?serverTimezone=Asia/Seoul&characterEncoding=UTF-8
select next_val as id_val from hibernate_sequence for update
select next_val as id_val from hibernate_sequence for update;
2022-06-26 16:52:03.439 DEBUG 20368 --- [    Test worker] org.hibernate.SQL                        : 
    update
        hibernate_sequence 
    set
        next_val= ? 
    where
        next_val=?
2022-06-26 16:52:03.442  INFO 20368 --- [    Test worker] p6spy                                    : #1656229923442 | took 2ms | statement | connection 15| url jdbc:mysql://localhost:3306/pet?serverTimezone=Asia/Seoul&characterEncoding=UTF-8
update hibernate_sequence set next_val= ? where next_val=?
update hibernate_sequence set next_val= 174 where next_val=173;
2022-06-26 16:52:03.448  INFO 20368 --- [    Test worker] p6spy                                    : #1656229923448 | took 5ms | commit | connection 15| url jdbc:mysql://localhost:3306/pet?serverTimezone=Asia/Seoul&characterEncoding=UTF-8

;
2022-06-26 16:52:03.451 DEBUG 20368 --- [    Test worker] org.hibernate.SQL                        : 
    select
        next_val as id_val 
    from
        hibernate_sequence for update
            
2022-06-26 16:52:03.453  INFO 20368 --- [    Test worker] p6spy                                    : #1656229923453 | took 1ms | statement | connection 16| url jdbc:mysql://localhost:3306/pet?serverTimezone=Asia/Seoul&characterEncoding=UTF-8
select next_val as id_val from hibernate_sequence for update
select next_val as id_val from hibernate_sequence for update;
2022-06-26 16:52:03.453 DEBUG 20368 --- [    Test worker] org.hibernate.SQL                        : 
    update
        hibernate_sequence 
    set
        next_val= ? 
    where
        next_val=?
2022-06-26 16:52:03.455  INFO 20368 --- [    Test worker] p6spy                                    : #1656229923455 | took 1ms | statement | connection 16| url jdbc:mysql://localhost:3306/pet?serverTimezone=Asia/Seoul&characterEncoding=UTF-8
update hibernate_sequence set next_val= ? where next_val=?
update hibernate_sequence set next_val= 175 where next_val=174;
2022-06-26 16:52:03.460  INFO 20368 --- [    Test worker] p6spy                                    : #1656229923460 | took 4ms | commit | connection 16| url jdbc:mysql://localhost:3306/pet?serverTimezone=Asia/Seoul&characterEncoding=UTF-8

;
2022-06-26 16:52:03.468 DEBUG 20368 --- [    Test worker] org.hibernate.SQL                        : 
    select
        next_val as id_val 
    from
        hibernate_sequence for update
            
2022-06-26 16:52:03.469  INFO 20368 --- [    Test worker] p6spy                                    : #1656229923469 | took 0ms | statement | connection 17| url jdbc:mysql://localhost:3306/pet?serverTimezone=Asia/Seoul&characterEncoding=UTF-8
select next_val as id_val from hibernate_sequence for update
select next_val as id_val from hibernate_sequence for update;
2022-06-26 16:52:03.470 DEBUG 20368 --- [    Test worker] org.hibernate.SQL                        : 
    update
        hibernate_sequence 
    set
        next_val= ? 
    where
        next_val=?
2022-06-26 16:52:03.473  INFO 20368 --- [    Test worker] p6spy                                    : #1656229923473 | took 3ms | statement | connection 17| url jdbc:mysql://localhost:3306/pet?serverTimezone=Asia/Seoul&characterEncoding=UTF-8
update hibernate_sequence set next_val= ? where next_val=?
update hibernate_sequence set next_val= 176 where next_val=175;
2022-06-26 16:52:03.478  INFO 20368 --- [    Test worker] p6spy                                    : #1656229923478 | took 4ms | commit | connection 17| url jdbc:mysql://localhost:3306/pet?serverTimezone=Asia/Seoul&characterEncoding=UTF-8

;
2022-06-26 16:52:03.480 DEBUG 20368 --- [    Test worker] org.hibernate.SQL                        : 
    select
        next_val as id_val 
    from
        hibernate_sequence for update
            
2022-06-26 16:52:03.482  INFO 20368 --- [    Test worker] p6spy                                    : #1656229923482 | took 1ms | statement | connection 18| url jdbc:mysql://localhost:3306/pet?serverTimezone=Asia/Seoul&characterEncoding=UTF-8
select next_val as id_val from hibernate_sequence for update
select next_val as id_val from hibernate_sequence for update;
2022-06-26 16:52:03.483 DEBUG 20368 --- [    Test worker] org.hibernate.SQL                        : 
    update
        hibernate_sequence 
    set
        next_val= ? 
    where
        next_val=?
2022-06-26 16:52:03.486  INFO 20368 --- [    Test worker] p6spy                                    : #1656229923486 | took 2ms | statement | connection 18| url jdbc:mysql://localhost:3306/pet?serverTimezone=Asia/Seoul&characterEncoding=UTF-8
update hibernate_sequence set next_val= ? where next_val=?
update hibernate_sequence set next_val= 177 where next_val=176;
2022-06-26 16:52:03.490  INFO 20368 --- [    Test worker] p6spy                                    : #1656229923490 | took 3ms | commit | connection 18| url jdbc:mysql://localhost:3306/pet?serverTimezone=Asia/Seoul&characterEncoding=UTF-8

;
2022-06-26 16:52:03.494 DEBUG 20368 --- [    Test worker] org.hibernate.SQL                        : 
    select
        next_val as id_val 
    from
        hibernate_sequence for update
            
2022-06-26 16:52:03.496  INFO 20368 --- [    Test worker] p6spy                                    : #1656229923496 | took 1ms | statement | connection 19| url jdbc:mysql://localhost:3306/pet?serverTimezone=Asia/Seoul&characterEncoding=UTF-8
select next_val as id_val from hibernate_sequence for update
select next_val as id_val from hibernate_sequence for update;
2022-06-26 16:52:03.497 DEBUG 20368 --- [    Test worker] org.hibernate.SQL                        : 
    update
        hibernate_sequence 
    set
        next_val= ? 
    where
        next_val=?
2022-06-26 16:52:03.500  INFO 20368 --- [    Test worker] p6spy                                    : #1656229923500 | took 3ms | statement | connection 19| url jdbc:mysql://localhost:3306/pet?serverTimezone=Asia/Seoul&characterEncoding=UTF-8
update hibernate_sequence set next_val= ? where next_val=?
update hibernate_sequence set next_val= 178 where next_val=177;
2022-06-26 16:52:03.506  INFO 20368 --- [    Test worker] p6spy                                    : #1656229923506 | took 5ms | commit | connection 19| url jdbc:mysql://localhost:3306/pet?serverTimezone=Asia/Seoul&characterEncoding=UTF-8

;
2022-06-26 16:52:04.140 DEBUG 20368 --- [    Test worker] org.hibernate.SQL                        : 
    insert 
    into
        member
        (created_date, last_modified_date, email, img_url, introduce, name, nickname, uid, member_id) 
    values
        (?, ?, ?, ?, ?, ?, ?, ?, ?)
2022-06-26 16:52:04.158  INFO 20368 --- [    Test worker] p6spy                                    : #1656229924158 | took 6ms | statement | connection 12| url jdbc:mysql://localhost:3306/pet?serverTimezone=Asia/Seoul&characterEncoding=UTF-8
insert into member (created_date, last_modified_date, email, img_url, introduce, name, nickname, uid, member_id) values (?, ?, ?, ?, ?, ?, ?, ?, ?)
insert into member (created_date, last_modified_date, email, img_url, introduce, name, nickname, uid, member_id) values ('2022-06-26T16:52:03.227+0900', '2022-06-26T16:52:03.227+0900', 'issiscv@naver.com', 'www.imgurl.com', '잘지내요 우리', '김상운', 'balladang', 'java.io.StringReader@778bdf42', 171);
2022-06-26 16:52:04.161 DEBUG 20368 --- [    Test worker] org.hibernate.SQL                        : 
    insert 
    into
        post
        (created_date, last_modified_date, content, member_id, post_id) 
    values
        (?, ?, ?, ?, ?)
2022-06-26 16:52:04.185  INFO 20368 --- [    Test worker] p6spy                                    : #1656229924185 | took 22ms | statement | connection 12| url jdbc:mysql://localhost:3306/pet?serverTimezone=Asia/Seoul&characterEncoding=UTF-8
insert into post (created_date, last_modified_date, content, member_id, post_id) values (?, ?, ?, ?, ?)
insert into post (created_date, last_modified_date, content, member_id, post_id) values ('2022-06-26T16:52:03.411+0900', '2022-06-26T16:52:03.411+0900', 'java.io.StringReader@438fc55e', 171, 172);
2022-06-26 16:52:04.186 DEBUG 20368 --- [    Test worker] org.hibernate.SQL                        : 
    insert 
    into
        post
        (created_date, last_modified_date, content, member_id, post_id) 
    values
        (?, ?, ?, ?, ?)
2022-06-26 16:52:04.195  INFO 20368 --- [    Test worker] p6spy                                    : #1656229924195 | took 0ms | statement | connection 12| url jdbc:mysql://localhost:3306/pet?serverTimezone=Asia/Seoul&characterEncoding=UTF-8
insert into post (created_date, last_modified_date, content, member_id, post_id) values (?, ?, ?, ?, ?)
insert into post (created_date, last_modified_date, content, member_id, post_id) values ('2022-06-26T16:52:03.436+0900', '2022-06-26T16:52:03.436+0900', 'java.io.StringReader@290def7d', 171, 173);
2022-06-26 16:52:04.195 DEBUG 20368 --- [    Test worker] org.hibernate.SQL                        : 
    insert 
    into
        post
        (created_date, last_modified_date, content, member_id, post_id) 
    values
        (?, ?, ?, ?, ?)
2022-06-26 16:52:04.197  INFO 20368 --- [    Test worker] p6spy                                    : #1656229924197 | took 0ms | statement | connection 12| url jdbc:mysql://localhost:3306/pet?serverTimezone=Asia/Seoul&characterEncoding=UTF-8
insert into post (created_date, last_modified_date, content, member_id, post_id) values (?, ?, ?, ?, ?)
insert into post (created_date, last_modified_date, content, member_id, post_id) values ('2022-06-26T16:52:03.450+0900', '2022-06-26T16:52:03.450+0900', 'java.io.StringReader@3b310465', 171, 174);
2022-06-26 16:52:04.201 DEBUG 20368 --- [    Test worker] org.hibernate.SQL                        : 
    insert 
    into
        tag
        (post_id, tag, tag_id) 
    values
        (?, ?, ?)
2022-06-26 16:52:04.242  INFO 20368 --- [    Test worker] p6spy                                    : #1656229924242 | took 40ms | statement | connection 12| url jdbc:mysql://localhost:3306/pet?serverTimezone=Asia/Seoul&characterEncoding=UTF-8
insert into tag (post_id, tag, tag_id) values (?, ?, ?)
insert into tag (post_id, tag, tag_id) values (172, 'A', 175);
2022-06-26 16:52:04.243 DEBUG 20368 --- [    Test worker] org.hibernate.SQL                        : 
    insert 
    into
        tag
        (post_id, tag, tag_id) 
    values
        (?, ?, ?)
2022-06-26 16:52:04.244  INFO 20368 --- [    Test worker] p6spy                                    : #1656229924244 | took 0ms | statement | connection 12| url jdbc:mysql://localhost:3306/pet?serverTimezone=Asia/Seoul&characterEncoding=UTF-8
insert into tag (post_id, tag, tag_id) values (?, ?, ?)
insert into tag (post_id, tag, tag_id) values (173, 'A', 176);
2022-06-26 16:52:04.244 DEBUG 20368 --- [    Test worker] org.hibernate.SQL                        : 
    insert 
    into
        tag
        (post_id, tag, tag_id) 
    values
        (?, ?, ?)
2022-06-26 16:52:04.245  INFO 20368 --- [    Test worker] p6spy                                    : #1656229924245 | took 0ms | statement | connection 12| url jdbc:mysql://localhost:3306/pet?serverTimezone=Asia/Seoul&characterEncoding=UTF-8
insert into tag (post_id, tag, tag_id) values (?, ?, ?)
insert into tag (post_id, tag, tag_id) values (174, 'B', 177);
2022-06-26 16:52:04.250 DEBUG 20368 --- [    Test worker] org.hibernate.SQL                        : 
    select
        post1_.post_id as post_id1_13_,
        post1_.created_date as created_2_13_,
        post1_.last_modified_date as last_mod3_13_,
        post1_.content as content4_13_,
        post1_.member_id as member_i5_13_ 
    from
        tag tag0_ 
    inner join
        post post1_ 
            on tag0_.post_id=post1_.post_id 
    where
        tag0_.tag=? 
    group by
        post1_.post_id 
    order by
        post1_.created_date desc limit ?
2022-06-26 16:52:04.253  INFO 20368 --- [    Test worker] p6spy                                    : #1656229924253 | took 1ms | statement | connection 12| url jdbc:mysql://localhost:3306/pet?serverTimezone=Asia/Seoul&characterEncoding=UTF-8
select post1_.post_id as post_id1_13_, post1_.created_date as created_2_13_, post1_.last_modified_date as last_mod3_13_, post1_.content as content4_13_, post1_.member_id as member_i5_13_ from tag tag0_ inner join post post1_ on tag0_.post_id=post1_.post_id where tag0_.tag=? group by post1_.post_id order by post1_.created_date desc limit ?
select post1_.post_id as post_id1_13_, post1_.created_date as created_2_13_, post1_.last_modified_date as last_mod3_13_, post1_.content as content4_13_, post1_.member_id as member_i5_13_ from tag tag0_ inner join post post1_ on tag0_.post_id=post1_.post_id where tag0_.tag='A' group by post1_.post_id order by post1_.created_date desc limit 11;
2022-06-26 16:52:04.274  INFO 20368 --- [    Test worker] p6spy                                    : #1656229924274 | took 3ms | rollback | connection 12| url jdbc:mysql://localhost:3306/pet?serverTimezone=Asia/Seoul&characterEncoding=UTF-8

;
2022-06-26 16:52:04.276  INFO 20368 --- [    Test worker] o.s.t.c.transaction.TransactionContext   : Rolled back transaction for test: [DefaultTestContext@63112b testClass = PostCustomRepositoryImplTest, testInstance = petPeople.pet.domain.post.repository.PostCustomRepositoryImplTest@3789bd95, testMethod = retrieveAllPostByTag@PostCustomRepositoryImplTest, testException = [null], mergedContextConfiguration = [WebMergedContextConfiguration@70382eb1 testClass = PostCustomRepositoryImplTest, locations = '{}', classes = '{class petPeople.pet.PetApplication}', contextInitializerClasses = '[]', activeProfiles = '{local}', propertySourceLocations = '{}', propertySourceProperties = '{org.springframework.boot.test.context.SpringBootTestContextBootstrapper=true}', contextCustomizers = set[org.springframework.boot.test.autoconfigure.actuate.metrics.MetricsExportContextCustomizerFactory$DisableMetricExportContextCustomizer@56f6d40b, org.springframework.boot.test.autoconfigure.properties.PropertyMappingContextCustomizer@0, org.springframework.boot.test.autoconfigure.web.servlet.WebDriverContextCustomizerFactory$Customizer@277f7dd3, org.springframework.boot.test.context.filter.ExcludeFilterContextCustomizer@292d1c71, org.springframework.boot.test.json.DuplicateJsonObjectContextCustomizerFactory$DuplicateJsonObjectContextCustomizer@1c55f277, org.springframework.boot.test.mock.mockito.MockitoContextCustomizer@0, org.springframework.boot.test.web.client.TestRestTemplateContextCustomizer@73c60324, org.springframework.boot.test.context.SpringBootTestArgs@1, org.springframework.boot.test.context.SpringBootTestWebEnvironment@28b46423], resourceBasePath = 'src/main/webapp', contextLoader = 'org.springframework.boot.test.context.SpringBootContextLoader', parent = [null]], attributes = map['org.springframework.test.context.web.ServletTestExecutionListener.activateListener' -> true, 'org.springframework.test.context.web.ServletTestExecutionListener.populatedRequestContextHolder' -> true, 'org.springframework.test.context.web.ServletTestExecutionListener.resetRequestContextHolder' -> true, 'org.springframework.test.context.event.ApplicationEventsTestExecutionListener.recordApplicationEvents' -> false]]
]]></system-out>
  <system-err><![CDATA[]]></system-err>
</testsuite>
