<?xml version="1.0" encoding="UTF-8"?>
<testsuite name="petPeople.pet.aspect.LogTraceAspectTest" tests="1" skipped="0" failures="1" errors="0" timestamp="2022-09-07T02:59:49" hostname="DESKTOP-F55RK1N" time="0.333">
  <properties/>
  <testcase name="test()" classname="petPeople.pet.aspect.LogTraceAspectTest" time="0.333">
    <failure message="org.opentest4j.AssertionFailedError: &#13;&#10;Expecting value to be true but was false" type="org.opentest4j.AssertionFailedError">org.opentest4j.AssertionFailedError: 
Expecting value to be true but was false
	at java.base@11.0.9/jdk.internal.reflect.NativeConstructorAccessorImpl.newInstance0(Native Method)
	at java.base@11.0.9/jdk.internal.reflect.NativeConstructorAccessorImpl.newInstance(NativeConstructorAccessorImpl.java:62)
	at java.base@11.0.9/jdk.internal.reflect.DelegatingConstructorAccessorImpl.newInstance(DelegatingConstructorAccessorImpl.java:45)
	at app//petPeople.pet.aspect.LogTraceAspectTest.test(LogTraceAspectTest.java:22)
	at java.base@11.0.9/jdk.internal.reflect.NativeMethodAccessorImpl.invoke0(Native Method)
	at java.base@11.0.9/jdk.internal.reflect.NativeMethodAccessorImpl.invoke(NativeMethodAccessorImpl.java:62)
	at java.base@11.0.9/jdk.internal.reflect.DelegatingMethodAccessorImpl.invoke(DelegatingMethodAccessorImpl.java:43)
	at java.base@11.0.9/java.lang.reflect.Method.invoke(Method.java:566)
	at app//org.junit.platform.commons.util.ReflectionUtils.invokeMethod(ReflectionUtils.java:725)
	at app//org.junit.jupiter.engine.execution.MethodInvocation.proceed(MethodInvocation.java:60)
	at app//org.junit.jupiter.engine.execution.InvocationInterceptorChain$ValidatingInvocation.proceed(InvocationInterceptorChain.java:131)
	at app//org.junit.jupiter.engine.extension.TimeoutExtension.intercept(TimeoutExtension.java:149)
	at app//org.junit.jupiter.engine.extension.TimeoutExtension.interceptTestableMethod(TimeoutExtension.java:140)
	at app//org.junit.jupiter.engine.extension.TimeoutExtension.interceptTestMethod(TimeoutExtension.java:84)
	at app//org.junit.jupiter.engine.execution.ExecutableInvoker$ReflectiveInterceptorCall.lambda$ofVoidMethod$0(ExecutableInvoker.java:115)
	at app//org.junit.jupiter.engine.execution.ExecutableInvoker.lambda$invoke$0(ExecutableInvoker.java:105)
	at app//org.junit.jupiter.engine.execution.InvocationInterceptorChain$InterceptedInvocation.proceed(InvocationInterceptorChain.java:106)
	at app//org.junit.jupiter.engine.execution.InvocationInterceptorChain.proceed(InvocationInterceptorChain.java:64)
	at app//org.junit.jupiter.engine.execution.InvocationInterceptorChain.chainAndInvoke(InvocationInterceptorChain.java:45)
	at app//org.junit.jupiter.engine.execution.InvocationInterceptorChain.invoke(InvocationInterceptorChain.java:37)
	at app//org.junit.jupiter.engine.execution.ExecutableInvoker.invoke(ExecutableInvoker.java:104)
	at app//org.junit.jupiter.engine.execution.ExecutableInvoker.invoke(ExecutableInvoker.java:98)
	at app//org.junit.jupiter.engine.descriptor.TestMethodTestDescriptor.lambda$invokeTestMethod$7(TestMethodTestDescriptor.java:214)
	at app//org.junit.platform.engine.support.hierarchical.ThrowableCollector.execute(ThrowableCollector.java:73)
	at app//org.junit.jupiter.engine.descriptor.TestMethodTestDescriptor.invokeTestMethod(TestMethodTestDescriptor.java:210)
	at app//org.junit.jupiter.engine.descriptor.TestMethodTestDescriptor.execute(TestMethodTestDescriptor.java:135)
	at app//org.junit.jupiter.engine.descriptor.TestMethodTestDescriptor.execute(TestMethodTestDescriptor.java:66)
	at app//org.junit.platform.engine.support.hierarchical.NodeTestTask.lambda$executeRecursively$6(NodeTestTask.java:151)
	at app//org.junit.platform.engine.support.hierarchical.ThrowableCollector.execute(ThrowableCollector.java:73)
	at app//org.junit.platform.engine.support.hierarchical.NodeTestTask.lambda$executeRecursively$8(NodeTestTask.java:141)
	at app//org.junit.platform.engine.support.hierarchical.Node.around(Node.java:137)
	at app//org.junit.platform.engine.support.hierarchical.NodeTestTask.lambda$executeRecursively$9(NodeTestTask.java:139)
	at app//org.junit.platform.engine.support.hierarchical.ThrowableCollector.execute(ThrowableCollector.java:73)
	at app//org.junit.platform.engine.support.hierarchical.NodeTestTask.executeRecursively(NodeTestTask.java:138)
	at app//org.junit.platform.engine.support.hierarchical.NodeTestTask.execute(NodeTestTask.java:95)
	at java.base@11.0.9/java.util.ArrayList.forEach(ArrayList.java:1541)
	at app//org.junit.platform.engine.support.hierarchical.SameThreadHierarchicalTestExecutorService.invokeAll(SameThreadHierarchicalTestExecutorService.java:41)
	at app//org.junit.platform.engine.support.hierarchical.NodeTestTask.lambda$executeRecursively$6(NodeTestTask.java:155)
	at app//org.junit.platform.engine.support.hierarchical.ThrowableCollector.execute(ThrowableCollector.java:73)
	at app//org.junit.platform.engine.support.hierarchical.NodeTestTask.lambda$executeRecursively$8(NodeTestTask.java:141)
	at app//org.junit.platform.engine.support.hierarchical.Node.around(Node.java:137)
	at app//org.junit.platform.engine.support.hierarchical.NodeTestTask.lambda$executeRecursively$9(NodeTestTask.java:139)
	at app//org.junit.platform.engine.support.hierarchical.ThrowableCollector.execute(ThrowableCollector.java:73)
	at app//org.junit.platform.engine.support.hierarchical.NodeTestTask.executeRecursively(NodeTestTask.java:138)
	at app//org.junit.platform.engine.support.hierarchical.NodeTestTask.execute(NodeTestTask.java:95)
	at java.base@11.0.9/java.util.ArrayList.forEach(ArrayList.java:1541)
	at app//org.junit.platform.engine.support.hierarchical.SameThreadHierarchicalTestExecutorService.invokeAll(SameThreadHierarchicalTestExecutorService.java:41)
	at app//org.junit.platform.engine.support.hierarchical.NodeTestTask.lambda$executeRecursively$6(NodeTestTask.java:155)
	at app//org.junit.platform.engine.support.hierarchical.ThrowableCollector.execute(ThrowableCollector.java:73)
	at app//org.junit.platform.engine.support.hierarchical.NodeTestTask.lambda$executeRecursively$8(NodeTestTask.java:141)
	at app//org.junit.platform.engine.support.hierarchical.Node.around(Node.java:137)
	at app//org.junit.platform.engine.support.hierarchical.NodeTestTask.lambda$executeRecursively$9(NodeTestTask.java:139)
	at app//org.junit.platform.engine.support.hierarchical.ThrowableCollector.execute(ThrowableCollector.java:73)
	at app//org.junit.platform.engine.support.hierarchical.NodeTestTask.executeRecursively(NodeTestTask.java:138)
	at app//org.junit.platform.engine.support.hierarchical.NodeTestTask.execute(NodeTestTask.java:95)
	at app//org.junit.platform.engine.support.hierarchical.SameThreadHierarchicalTestExecutorService.submit(SameThreadHierarchicalTestExecutorService.java:35)
	at app//org.junit.platform.engine.support.hierarchical.HierarchicalTestExecutor.execute(HierarchicalTestExecutor.java:57)
	at app//org.junit.platform.engine.support.hierarchical.HierarchicalTestEngine.execute(HierarchicalTestEngine.java:54)
	at org.junit.platform.launcher.core.EngineExecutionOrchestrator.execute(EngineExecutionOrchestrator.java:108)
	at org.junit.platform.launcher.core.EngineExecutionOrchestrator.execute(EngineExecutionOrchestrator.java:88)
	at org.junit.platform.launcher.core.EngineExecutionOrchestrator.lambda$execute$0(EngineExecutionOrchestrator.java:54)
	at org.junit.platform.launcher.core.EngineExecutionOrchestrator.withInterceptedStreams(EngineExecutionOrchestrator.java:67)
	at org.junit.platform.launcher.core.EngineExecutionOrchestrator.execute(EngineExecutionOrchestrator.java:52)
	at org.junit.platform.launcher.core.DefaultLauncher.execute(DefaultLauncher.java:96)
	at org.junit.platform.launcher.core.DefaultLauncher.execute(DefaultLauncher.java:75)
	at org.gradle.api.internal.tasks.testing.junitplatform.JUnitPlatformTestClassProcessor$CollectAllTestClassesExecutor.processAllTestClasses(JUnitPlatformTestClassProcessor.java:99)
	at org.gradle.api.internal.tasks.testing.junitplatform.JUnitPlatformTestClassProcessor$CollectAllTestClassesExecutor.access$000(JUnitPlatformTestClassProcessor.java:79)
	at org.gradle.api.internal.tasks.testing.junitplatform.JUnitPlatformTestClassProcessor.stop(JUnitPlatformTestClassProcessor.java:75)
	at org.gradle.api.internal.tasks.testing.SuiteTestClassProcessor.stop(SuiteTestClassProcessor.java:61)
	at java.base@11.0.9/jdk.internal.reflect.NativeMethodAccessorImpl.invoke0(Native Method)
	at java.base@11.0.9/jdk.internal.reflect.NativeMethodAccessorImpl.invoke(NativeMethodAccessorImpl.java:62)
	at java.base@11.0.9/jdk.internal.reflect.DelegatingMethodAccessorImpl.invoke(DelegatingMethodAccessorImpl.java:43)
	at java.base@11.0.9/java.lang.reflect.Method.invoke(Method.java:566)
	at org.gradle.internal.dispatch.ReflectionDispatch.dispatch(ReflectionDispatch.java:36)
	at org.gradle.internal.dispatch.ReflectionDispatch.dispatch(ReflectionDispatch.java:24)
	at org.gradle.internal.dispatch.ContextClassLoaderDispatch.dispatch(ContextClassLoaderDispatch.java:33)
	at org.gradle.internal.dispatch.ProxyDispatchAdapter$DispatchingInvocationHandler.invoke(ProxyDispatchAdapter.java:94)
	at com.sun.proxy.$Proxy2.stop(Unknown Source)
	at org.gradle.api.internal.tasks.testing.worker.TestWorker$3.run(TestWorker.java:193)
	at org.gradle.api.internal.tasks.testing.worker.TestWorker.executeAndMaintainThreadName(TestWorker.java:129)
	at org.gradle.api.internal.tasks.testing.worker.TestWorker.execute(TestWorker.java:100)
	at org.gradle.api.internal.tasks.testing.worker.TestWorker.execute(TestWorker.java:60)
	at org.gradle.process.internal.worker.child.ActionExecutionWorker.execute(ActionExecutionWorker.java:56)
	at org.gradle.process.internal.worker.child.SystemApplicationClassLoaderWorker.call(SystemApplicationClassLoaderWorker.java:133)
	at org.gradle.process.internal.worker.child.SystemApplicationClassLoaderWorker.call(SystemApplicationClassLoaderWorker.java:71)
	at app//worker.org.gradle.process.internal.worker.GradleWorkerMain.run(GradleWorkerMain.java:69)
	at app//worker.org.gradle.process.internal.worker.GradleWorkerMain.main(GradleWorkerMain.java:74)
</failure>
  </testcase>
  <system-out><![CDATA[2022-09-07 11:59:38.942  INFO 14488 --- [    Test worker] .b.t.c.SpringBootTestContextBootstrapper : Neither @ContextConfiguration nor @ContextHierarchy found for test class [petPeople.pet.aspect.LogTraceAspectTest], using SpringBootContextLoader
2022-09-07 11:59:38.944  INFO 14488 --- [    Test worker] o.s.t.c.support.AbstractContextLoader    : Could not detect default resource locations for test class [petPeople.pet.aspect.LogTraceAspectTest]: no resource found for suffixes {-context.xml, Context.groovy}.
2022-09-07 11:59:38.944  INFO 14488 --- [    Test worker] t.c.s.AnnotationConfigContextLoaderUtils : Could not detect default configuration classes for test class [petPeople.pet.aspect.LogTraceAspectTest]: LogTraceAspectTest does not declare any static, non-private, non-final, nested classes annotated with @Configuration.
2022-09-07 11:59:38.960  INFO 14488 --- [    Test worker] .b.t.c.SpringBootTestContextBootstrapper : Found @SpringBootConfiguration petPeople.pet.PetApplication for test class petPeople.pet.aspect.LogTraceAspectTest
2022-09-07 11:59:38.968  INFO 14488 --- [    Test worker] .b.t.c.SpringBootTestContextBootstrapper : Loaded default TestExecutionListener class names from location [META-INF/spring.factories]: [org.springframework.security.test.context.support.WithSecurityContextTestExecutionListener, org.springframework.security.test.context.support.ReactorContextTestExecutionListener, org.springframework.boot.test.autoconfigure.restdocs.RestDocsTestExecutionListener, org.springframework.boot.test.autoconfigure.web.client.MockRestServiceServerResetTestExecutionListener, org.springframework.boot.test.autoconfigure.web.servlet.MockMvcPrintOnlyOnFailureTestExecutionListener, org.springframework.boot.test.autoconfigure.web.servlet.WebDriverTestExecutionListener, org.springframework.boot.test.autoconfigure.webservices.client.MockWebServiceServerTestExecutionListener, org.springframework.boot.test.mock.mockito.MockitoTestExecutionListener, org.springframework.boot.test.mock.mockito.ResetMocksTestExecutionListener, org.springframework.test.context.web.ServletTestExecutionListener, org.springframework.test.context.support.DirtiesContextBeforeModesTestExecutionListener, org.springframework.test.context.event.ApplicationEventsTestExecutionListener, org.springframework.test.context.support.DependencyInjectionTestExecutionListener, org.springframework.test.context.support.DirtiesContextTestExecutionListener, org.springframework.test.context.transaction.TransactionalTestExecutionListener, org.springframework.test.context.jdbc.SqlScriptsTestExecutionListener, org.springframework.test.context.event.EventPublishingTestExecutionListener]
2022-09-07 11:59:38.970  INFO 14488 --- [    Test worker] .b.t.c.SpringBootTestContextBootstrapper : Using TestExecutionListeners: [org.springframework.test.context.web.ServletTestExecutionListener@c0a8787, org.springframework.test.context.support.DirtiesContextBeforeModesTestExecutionListener@65cf8da0, org.springframework.test.context.event.ApplicationEventsTestExecutionListener@823f978, org.springframework.boot.test.mock.mockito.MockitoTestExecutionListener@6195ce27, org.springframework.boot.test.autoconfigure.SpringBootDependencyInjectionTestExecutionListener@397b5b2d, org.springframework.test.context.support.DirtiesContextTestExecutionListener@2040732f, org.springframework.test.context.transaction.TransactionalTestExecutionListener@373fb666, org.springframework.test.context.jdbc.SqlScriptsTestExecutionListener@7894a250, org.springframework.security.test.context.support.WithSecurityContextTestExecutionListener@1bd53c5c, org.springframework.test.context.event.EventPublishingTestExecutionListener@38affd02, org.springframework.security.test.context.support.ReactorContextTestExecutionListener@72e9f0f7, org.springframework.boot.test.autoconfigure.restdocs.RestDocsTestExecutionListener@2fb24ad8, org.springframework.boot.test.autoconfigure.web.client.MockRestServiceServerResetTestExecutionListener@1db7a4ae, org.springframework.boot.test.autoconfigure.web.servlet.MockMvcPrintOnlyOnFailureTestExecutionListener@5ab70df7, org.springframework.boot.test.autoconfigure.web.servlet.WebDriverTestExecutionListener@6764201e, org.springframework.boot.test.autoconfigure.webservices.client.MockWebServiceServerTestExecutionListener@5a3d52a0, org.springframework.boot.test.mock.mockito.ResetMocksTestExecutionListener@7a0f1f9d]

  .   ____          _            __ _ _
 /\\ / ___'_ __ _ _(_)_ __  __ _ \ \ \ \
( ( )\___ | '_ | '_| | '_ \/ _` | \ \ \ \
 \\/  ___)| |_)| | | | | || (_| |  ) ) ) )
  '  |____| .__|_| |_|_| |_\__, | / / / /
 =========|_|==============|___/=/_/_/_/
 :: Spring Boot ::                (v2.6.7)

2022-09-07 11:59:39.195  INFO 14488 --- [    Test worker] petPeople.pet.aspect.LogTraceAspectTest  : Starting LogTraceAspectTest using Java 11.0.9 on DESKTOP-F55RK1N with PID 14488 (started by ksw in D:\springStudy\pet)
2022-09-07 11:59:39.196  INFO 14488 --- [    Test worker] petPeople.pet.aspect.LogTraceAspectTest  : The following 1 profile is active: "local"
2022-09-07 11:59:40.312  INFO 14488 --- [    Test worker] .s.d.r.c.RepositoryConfigurationDelegate : Bootstrapping Spring Data JPA repositories in DEFAULT mode.
2022-09-07 11:59:40.706  INFO 14488 --- [    Test worker] .s.d.r.c.RepositoryConfigurationDelegate : Finished Spring Data repository scanning in 393 ms. Found 19 JPA repository interfaces.
2022-09-07 11:59:41.429  INFO 14488 --- [    Test worker] o.hibernate.jpa.internal.util.LogHelper  : HHH000204: Processing PersistenceUnitInfo [name: default]
2022-09-07 11:59:41.456  INFO 14488 --- [    Test worker] com.zaxxer.hikari.HikariDataSource       : HikariPool-2 - Starting...
2022-09-07 11:59:42.084  INFO 14488 --- [    Test worker] com.zaxxer.hikari.HikariDataSource       : HikariPool-2 - Start completed.
2022-09-07 11:59:42.088  INFO 14488 --- [    Test worker] org.hibernate.dialect.Dialect            : HHH000400: Using dialect: org.hibernate.dialect.MySQL8Dialect
2022-09-07 11:59:42.757  INFO 14488 --- [    Test worker] p6spy                                    : #1662519582757 | took 6ms | statement | connection 6| url jdbc:mysql://localhost:3306/pet?serverTimezone=Asia/Seoul&characterEncoding=UTF-8
select * from `pet`.`comment` where 1=0
select * from `pet`.`comment` where 1=0;
2022-09-07 11:59:42.765  INFO 14488 --- [    Test worker] p6spy                                    : #1662519582765 | took 0ms | statement | connection 6| url jdbc:mysql://localhost:3306/pet?serverTimezone=Asia/Seoul&characterEncoding=UTF-8
select * from `pet`.`comment` where 1=0
select * from `pet`.`comment` where 1=0;
2022-09-07 11:59:42.771  INFO 14488 --- [    Test worker] p6spy                                    : #1662519582771 | took 1ms | statement | connection 6| url jdbc:mysql://localhost:3306/pet?serverTimezone=Asia/Seoul&characterEncoding=UTF-8
select * from `pet`.`member` where 1=0
select * from `pet`.`member` where 1=0;
2022-09-07 11:59:42.774  INFO 14488 --- [    Test worker] p6spy                                    : #1662519582774 | took 0ms | statement | connection 6| url jdbc:mysql://localhost:3306/pet?serverTimezone=Asia/Seoul&characterEncoding=UTF-8
select * from `pet`.`post` where 1=0
select * from `pet`.`post` where 1=0;
2022-09-07 11:59:42.790  INFO 14488 --- [    Test worker] p6spy                                    : #1662519582790 | took 0ms | statement | connection 6| url jdbc:mysql://localhost:3306/pet?serverTimezone=Asia/Seoul&characterEncoding=UTF-8
select * from `pet`.`comment` where 1=0
select * from `pet`.`comment` where 1=0;
2022-09-07 11:59:42.794  INFO 14488 --- [    Test worker] p6spy                                    : #1662519582794 | took 0ms | statement | connection 6| url jdbc:mysql://localhost:3306/pet?serverTimezone=Asia/Seoul&characterEncoding=UTF-8
select * from `pet`.`member` where 1=0
select * from `pet`.`member` where 1=0;
2022-09-07 11:59:42.797  INFO 14488 --- [    Test worker] p6spy                                    : #1662519582797 | took 0ms | statement | connection 6| url jdbc:mysql://localhost:3306/pet?serverTimezone=Asia/Seoul&characterEncoding=UTF-8
select * from `pet`.`post` where 1=0
select * from `pet`.`post` where 1=0;
2022-09-07 11:59:42.806  INFO 14488 --- [    Test worker] p6spy                                    : #1662519582806 | took 0ms | statement | connection 6| url jdbc:mysql://localhost:3306/pet?serverTimezone=Asia/Seoul&characterEncoding=UTF-8
select * from `pet`.`member` where 1=0
select * from `pet`.`member` where 1=0;
2022-09-07 11:59:42.815  INFO 14488 --- [    Test worker] p6spy                                    : #1662519582815 | took 1ms | statement | connection 6| url jdbc:mysql://localhost:3306/pet?serverTimezone=Asia/Seoul&characterEncoding=UTF-8
select * from `pet`.`meeting` where 1=0
select * from `pet`.`meeting` where 1=0;
2022-09-07 11:59:42.819  INFO 14488 --- [    Test worker] p6spy                                    : #1662519582819 | took 0ms | statement | connection 6| url jdbc:mysql://localhost:3306/pet?serverTimezone=Asia/Seoul&characterEncoding=UTF-8
select * from `pet`.`member` where 1=0
select * from `pet`.`member` where 1=0;
2022-09-07 11:59:42.830  INFO 14488 --- [    Test worker] p6spy                                    : #1662519582830 | took 0ms | statement | connection 6| url jdbc:mysql://localhost:3306/pet?serverTimezone=Asia/Seoul&characterEncoding=UTF-8
select * from `pet`.`meeting_comment` where 1=0
select * from `pet`.`meeting_comment` where 1=0;
2022-09-07 11:59:42.834  INFO 14488 --- [    Test worker] p6spy                                    : #1662519582833 | took 0ms | statement | connection 6| url jdbc:mysql://localhost:3306/pet?serverTimezone=Asia/Seoul&characterEncoding=UTF-8
select * from `pet`.`meeting_post` where 1=0
select * from `pet`.`meeting_post` where 1=0;
2022-09-07 11:59:42.836  INFO 14488 --- [    Test worker] p6spy                                    : #1662519582836 | took 0ms | statement | connection 6| url jdbc:mysql://localhost:3306/pet?serverTimezone=Asia/Seoul&characterEncoding=UTF-8
select * from `pet`.`member` where 1=0
select * from `pet`.`member` where 1=0;
2022-09-07 11:59:42.845  INFO 14488 --- [    Test worker] p6spy                                    : #1662519582845 | took 0ms | statement | connection 6| url jdbc:mysql://localhost:3306/pet?serverTimezone=Asia/Seoul&characterEncoding=UTF-8
select * from `pet`.`meeting_comment` where 1=0
select * from `pet`.`meeting_comment` where 1=0;
2022-09-07 11:59:42.849  INFO 14488 --- [    Test worker] p6spy                                    : #1662519582849 | took 0ms | statement | connection 6| url jdbc:mysql://localhost:3306/pet?serverTimezone=Asia/Seoul&characterEncoding=UTF-8
select * from `pet`.`member` where 1=0
select * from `pet`.`member` where 1=0;
2022-09-07 11:59:42.857  INFO 14488 --- [    Test worker] p6spy                                    : #1662519582857 | took 0ms | statement | connection 6| url jdbc:mysql://localhost:3306/pet?serverTimezone=Asia/Seoul&characterEncoding=UTF-8
select * from `pet`.`meeting` where 1=0
select * from `pet`.`meeting` where 1=0;
2022-09-07 11:59:42.866  INFO 14488 --- [    Test worker] p6spy                                    : #1662519582866 | took 0ms | statement | connection 6| url jdbc:mysql://localhost:3306/pet?serverTimezone=Asia/Seoul&characterEncoding=UTF-8
select * from `pet`.`meeting` where 1=0
select * from `pet`.`meeting` where 1=0;
2022-09-07 11:59:42.869  INFO 14488 --- [    Test worker] p6spy                                    : #1662519582869 | took 0ms | statement | connection 6| url jdbc:mysql://localhost:3306/pet?serverTimezone=Asia/Seoul&characterEncoding=UTF-8
select * from `pet`.`member` where 1=0
select * from `pet`.`member` where 1=0;
2022-09-07 11:59:42.878  INFO 14488 --- [    Test worker] p6spy                                    : #1662519582878 | took 0ms | statement | connection 6| url jdbc:mysql://localhost:3306/pet?serverTimezone=Asia/Seoul&characterEncoding=UTF-8
select * from `pet`.`meeting` where 1=0
select * from `pet`.`meeting` where 1=0;
2022-09-07 11:59:42.881  INFO 14488 --- [    Test worker] p6spy                                    : #1662519582881 | took 0ms | statement | connection 6| url jdbc:mysql://localhost:3306/pet?serverTimezone=Asia/Seoul&characterEncoding=UTF-8
select * from `pet`.`member` where 1=0
select * from `pet`.`member` where 1=0;
2022-09-07 11:59:42.890  INFO 14488 --- [    Test worker] p6spy                                    : #1662519582890 | took 0ms | statement | connection 6| url jdbc:mysql://localhost:3306/pet?serverTimezone=Asia/Seoul&characterEncoding=UTF-8
select * from `pet`.`meeting_post` where 1=0
select * from `pet`.`meeting_post` where 1=0;
2022-09-07 11:59:42.894  INFO 14488 --- [    Test worker] p6spy                                    : #1662519582894 | took 0ms | statement | connection 6| url jdbc:mysql://localhost:3306/pet?serverTimezone=Asia/Seoul&characterEncoding=UTF-8
select * from `pet`.`member` where 1=0
select * from `pet`.`member` where 1=0;
2022-09-07 11:59:42.903  INFO 14488 --- [    Test worker] p6spy                                    : #1662519582903 | took 0ms | statement | connection 6| url jdbc:mysql://localhost:3306/pet?serverTimezone=Asia/Seoul&characterEncoding=UTF-8
select * from `pet`.`meeting_post` where 1=0
select * from `pet`.`meeting_post` where 1=0;
2022-09-07 11:59:42.906  INFO 14488 --- [    Test worker] p6spy                                    : #1662519582906 | took 0ms | statement | connection 6| url jdbc:mysql://localhost:3306/pet?serverTimezone=Asia/Seoul&characterEncoding=UTF-8
select * from `pet`.`member` where 1=0
select * from `pet`.`member` where 1=0;
2022-09-07 11:59:42.915  INFO 14488 --- [    Test worker] p6spy                                    : #1662519582915 | took 0ms | statement | connection 6| url jdbc:mysql://localhost:3306/pet?serverTimezone=Asia/Seoul&characterEncoding=UTF-8
select * from `pet`.`meeting` where 1=0
select * from `pet`.`meeting` where 1=0;
2022-09-07 11:59:42.918  INFO 14488 --- [    Test worker] p6spy                                    : #1662519582918 | took 0ms | statement | connection 6| url jdbc:mysql://localhost:3306/pet?serverTimezone=Asia/Seoul&characterEncoding=UTF-8
select * from `pet`.`member` where 1=0
select * from `pet`.`member` where 1=0;
2022-09-07 11:59:42.929  INFO 14488 --- [    Test worker] p6spy                                    : #1662519582929 | took 0ms | statement | connection 6| url jdbc:mysql://localhost:3306/pet?serverTimezone=Asia/Seoul&characterEncoding=UTF-8
select * from `pet`.`comment` where 1=0
select * from `pet`.`comment` where 1=0;
2022-09-07 11:59:42.933  INFO 14488 --- [    Test worker] p6spy                                    : #1662519582933 | took 0ms | statement | connection 6| url jdbc:mysql://localhost:3306/pet?serverTimezone=Asia/Seoul&characterEncoding=UTF-8
select * from `pet`.`comment` where 1=0
select * from `pet`.`comment` where 1=0;
2022-09-07 11:59:42.936  INFO 14488 --- [    Test worker] p6spy                                    : #1662519582936 | took 0ms | statement | connection 6| url jdbc:mysql://localhost:3306/pet?serverTimezone=Asia/Seoul&characterEncoding=UTF-8
select * from `pet`.`meeting` where 1=0
select * from `pet`.`meeting` where 1=0;
2022-09-07 11:59:42.939  INFO 14488 --- [    Test worker] p6spy                                    : #1662519582939 | took 0ms | statement | connection 6| url jdbc:mysql://localhost:3306/pet?serverTimezone=Asia/Seoul&characterEncoding=UTF-8
select * from `pet`.`meeting_comment` where 1=0
select * from `pet`.`meeting_comment` where 1=0;
2022-09-07 11:59:42.944  INFO 14488 --- [    Test worker] p6spy                                    : #1662519582944 | took 1ms | statement | connection 6| url jdbc:mysql://localhost:3306/pet?serverTimezone=Asia/Seoul&characterEncoding=UTF-8
select * from `pet`.`meeting_comment` where 1=0
select * from `pet`.`meeting_comment` where 1=0;
2022-09-07 11:59:42.947  INFO 14488 --- [    Test worker] p6spy                                    : #1662519582947 | took 0ms | statement | connection 6| url jdbc:mysql://localhost:3306/pet?serverTimezone=Asia/Seoul&characterEncoding=UTF-8
select * from `pet`.`meeting_post` where 1=0
select * from `pet`.`meeting_post` where 1=0;
2022-09-07 11:59:42.951  INFO 14488 --- [    Test worker] p6spy                                    : #1662519582951 | took 0ms | statement | connection 6| url jdbc:mysql://localhost:3306/pet?serverTimezone=Asia/Seoul&characterEncoding=UTF-8
select * from `pet`.`meeting_post` where 1=0
select * from `pet`.`meeting_post` where 1=0;
2022-09-07 11:59:42.954  INFO 14488 --- [    Test worker] p6spy                                    : #1662519582954 | took 0ms | statement | connection 6| url jdbc:mysql://localhost:3306/pet?serverTimezone=Asia/Seoul&characterEncoding=UTF-8
select * from `pet`.`member` where 1=0
select * from `pet`.`member` where 1=0;
2022-09-07 11:59:42.957  INFO 14488 --- [    Test worker] p6spy                                    : #1662519582957 | took 0ms | statement | connection 6| url jdbc:mysql://localhost:3306/pet?serverTimezone=Asia/Seoul&characterEncoding=UTF-8
select * from `pet`.`member` where 1=0
select * from `pet`.`member` where 1=0;
2022-09-07 11:59:42.961  INFO 14488 --- [    Test worker] p6spy                                    : #1662519582961 | took 0ms | statement | connection 6| url jdbc:mysql://localhost:3306/pet?serverTimezone=Asia/Seoul&characterEncoding=UTF-8
select * from `pet`.`post` where 1=0
select * from `pet`.`post` where 1=0;
2022-09-07 11:59:42.970  INFO 14488 --- [    Test worker] p6spy                                    : #1662519582970 | took 0ms | statement | connection 6| url jdbc:mysql://localhost:3306/pet?serverTimezone=Asia/Seoul&characterEncoding=UTF-8
select * from `pet`.`member` where 1=0
select * from `pet`.`member` where 1=0;
2022-09-07 11:59:42.983  INFO 14488 --- [    Test worker] p6spy                                    : #1662519582983 | took 0ms | statement | connection 6| url jdbc:mysql://localhost:3306/pet?serverTimezone=Asia/Seoul&characterEncoding=UTF-8
select * from `pet`.`member` where 1=0
select * from `pet`.`member` where 1=0;
2022-09-07 11:59:42.986  INFO 14488 --- [    Test worker] p6spy                                    : #1662519582986 | took 0ms | statement | connection 6| url jdbc:mysql://localhost:3306/pet?serverTimezone=Asia/Seoul&characterEncoding=UTF-8
select * from `pet`.`post` where 1=0
select * from `pet`.`post` where 1=0;
2022-09-07 11:59:42.998  INFO 14488 --- [    Test worker] p6spy                                    : #1662519582998 | took 1ms | statement | connection 6| url jdbc:mysql://localhost:3306/pet?serverTimezone=Asia/Seoul&characterEncoding=UTF-8
select * from `pet`.`post` where 1=0
select * from `pet`.`post` where 1=0;
2022-09-07 11:59:43.009  INFO 14488 --- [    Test worker] p6spy                                    : #1662519583009 | took 1ms | statement | connection 6| url jdbc:mysql://localhost:3306/pet?serverTimezone=Asia/Seoul&characterEncoding=UTF-8
select * from `pet`.`member` where 1=0
select * from `pet`.`member` where 1=0;
2022-09-07 11:59:43.014  INFO 14488 --- [    Test worker] p6spy                                    : #1662519583014 | took 1ms | statement | connection 6| url jdbc:mysql://localhost:3306/pet?serverTimezone=Asia/Seoul&characterEncoding=UTF-8
select * from `pet`.`post` where 1=0
select * from `pet`.`post` where 1=0;
2022-09-07 11:59:43.028  INFO 14488 --- [    Test worker] p6spy                                    : #1662519583028 | took 1ms | statement | connection 6| url jdbc:mysql://localhost:3306/pet?serverTimezone=Asia/Seoul&characterEncoding=UTF-8
select * from `pet`.`post` where 1=0
select * from `pet`.`post` where 1=0;
2022-09-07 11:59:43.029  INFO 14488 --- [    Test worker] o.h.e.t.j.p.i.JtaPlatformInitiator       : HHH000490: Using JtaPlatform implementation: [org.hibernate.engine.transaction.jta.platform.internal.NoJtaPlatform]
2022-09-07 11:59:43.029  INFO 14488 --- [    Test worker] j.LocalContainerEntityManagerFactoryBean : Initialized JPA EntityManagerFactory for persistence unit 'default'
2022-09-07 11:59:44.008  INFO 14488 --- [    Test worker] petPeople.pet.config.auth.AuthConfig     : Initializing local AuthFilter
2022-09-07 11:59:46.393  WARN 14488 --- [    Test worker] o.s.s.c.a.web.builders.WebSecurity       : You are asking Spring Security to ignore Ant [pattern='/members/local', POST]. This is not recommended -- please use permitAll via HttpSecurity#authorizeHttpRequests instead.
2022-09-07 11:59:46.394  INFO 14488 --- [    Test worker] o.s.s.web.DefaultSecurityFilterChain     : Will not secure Ant [pattern='/members/local', POST]
2022-09-07 11:59:46.395  WARN 14488 --- [    Test worker] o.s.s.c.a.web.builders.WebSecurity       : You are asking Spring Security to ignore Ant [pattern='/members', POST]. This is not recommended -- please use permitAll via HttpSecurity#authorizeHttpRequests instead.
2022-09-07 11:59:46.395  INFO 14488 --- [    Test worker] o.s.s.web.DefaultSecurityFilterChain     : Will not secure Ant [pattern='/members', POST]
2022-09-07 11:59:46.396  WARN 14488 --- [    Test worker] o.s.s.c.a.web.builders.WebSecurity       : You are asking Spring Security to ignore Ant [pattern='/**', OPTIONS]. This is not recommended -- please use permitAll via HttpSecurity#authorizeHttpRequests instead.
2022-09-07 11:59:46.396  INFO 14488 --- [    Test worker] o.s.s.web.DefaultSecurityFilterChain     : Will not secure Ant [pattern='/**', OPTIONS]
2022-09-07 11:59:46.396  WARN 14488 --- [    Test worker] o.s.s.c.a.web.builders.WebSecurity       : You are asking Spring Security to ignore Ant [pattern='/meetings', GET]. This is not recommended -- please use permitAll via HttpSecurity#authorizeHttpRequests instead.
2022-09-07 11:59:46.396  INFO 14488 --- [    Test worker] o.s.s.web.DefaultSecurityFilterChain     : Will not secure Ant [pattern='/meetings', GET]
2022-09-07 11:59:46.396  WARN 14488 --- [    Test worker] o.s.s.c.a.web.builders.WebSecurity       : You are asking Spring Security to ignore Ant [pattern='/meetings/*', GET]. This is not recommended -- please use permitAll via HttpSecurity#authorizeHttpRequests instead.
2022-09-07 11:59:46.396  INFO 14488 --- [    Test worker] o.s.s.web.DefaultSecurityFilterChain     : Will not secure Ant [pattern='/meetings/*', GET]
2022-09-07 11:59:46.396  WARN 14488 --- [    Test worker] o.s.s.c.a.web.builders.WebSecurity       : You are asking Spring Security to ignore Ant [pattern='/posts/**', GET]. This is not recommended -- please use permitAll via HttpSecurity#authorizeHttpRequests instead.
2022-09-07 11:59:46.396  INFO 14488 --- [    Test worker] o.s.s.web.DefaultSecurityFilterChain     : Will not secure Ant [pattern='/posts/**', GET]
2022-09-07 11:59:46.396  WARN 14488 --- [    Test worker] o.s.s.c.a.web.builders.WebSecurity       : You are asking Spring Security to ignore Ant [pattern='/**', OPTIONS]. This is not recommended -- please use permitAll via HttpSecurity#authorizeHttpRequests instead.
2022-09-07 11:59:46.397  INFO 14488 --- [    Test worker] o.s.s.web.DefaultSecurityFilterChain     : Will not secure Ant [pattern='/**', OPTIONS]
2022-09-07 11:59:46.397  WARN 14488 --- [    Test worker] o.s.s.c.a.web.builders.WebSecurity       : You are asking Spring Security to ignore Ant [pattern='/css/**']. This is not recommended -- please use permitAll via HttpSecurity#authorizeHttpRequests instead.
2022-09-07 11:59:46.397  INFO 14488 --- [    Test worker] o.s.s.web.DefaultSecurityFilterChain     : Will not secure Ant [pattern='/css/**']
2022-09-07 11:59:46.397  WARN 14488 --- [    Test worker] o.s.s.c.a.web.builders.WebSecurity       : You are asking Spring Security to ignore Ant [pattern='/static/**']. This is not recommended -- please use permitAll via HttpSecurity#authorizeHttpRequests instead.
2022-09-07 11:59:46.397  INFO 14488 --- [    Test worker] o.s.s.web.DefaultSecurityFilterChain     : Will not secure Ant [pattern='/static/**']
2022-09-07 11:59:46.397  WARN 14488 --- [    Test worker] o.s.s.c.a.web.builders.WebSecurity       : You are asking Spring Security to ignore Ant [pattern='/js/**']. This is not recommended -- please use permitAll via HttpSecurity#authorizeHttpRequests instead.
2022-09-07 11:59:46.397  INFO 14488 --- [    Test worker] o.s.s.web.DefaultSecurityFilterChain     : Will not secure Ant [pattern='/js/**']
2022-09-07 11:59:46.398  WARN 14488 --- [    Test worker] o.s.s.c.a.web.builders.WebSecurity       : You are asking Spring Security to ignore Ant [pattern='/img/**']. This is not recommended -- please use permitAll via HttpSecurity#authorizeHttpRequests instead.
2022-09-07 11:59:46.398  INFO 14488 --- [    Test worker] o.s.s.web.DefaultSecurityFilterChain     : Will not secure Ant [pattern='/img/**']
2022-09-07 11:59:46.398  WARN 14488 --- [    Test worker] o.s.s.c.a.web.builders.WebSecurity       : You are asking Spring Security to ignore Ant [pattern='/fonts/**']. This is not recommended -- please use permitAll via HttpSecurity#authorizeHttpRequests instead.
2022-09-07 11:59:46.398  INFO 14488 --- [    Test worker] o.s.s.web.DefaultSecurityFilterChain     : Will not secure Ant [pattern='/fonts/**']
2022-09-07 11:59:46.398  WARN 14488 --- [    Test worker] o.s.s.c.a.web.builders.WebSecurity       : You are asking Spring Security to ignore Ant [pattern='/vendor/**']. This is not recommended -- please use permitAll via HttpSecurity#authorizeHttpRequests instead.
2022-09-07 11:59:46.398  INFO 14488 --- [    Test worker] o.s.s.web.DefaultSecurityFilterChain     : Will not secure Ant [pattern='/vendor/**']
2022-09-07 11:59:46.398  WARN 14488 --- [    Test worker] o.s.s.c.a.web.builders.WebSecurity       : You are asking Spring Security to ignore Ant [pattern='/favicon.ico']. This is not recommended -- please use permitAll via HttpSecurity#authorizeHttpRequests instead.
2022-09-07 11:59:46.398  INFO 14488 --- [    Test worker] o.s.s.web.DefaultSecurityFilterChain     : Will not secure Ant [pattern='/favicon.ico']
2022-09-07 11:59:46.398  WARN 14488 --- [    Test worker] o.s.s.c.a.web.builders.WebSecurity       : You are asking Spring Security to ignore Ant [pattern='/pages/**']. This is not recommended -- please use permitAll via HttpSecurity#authorizeHttpRequests instead.
2022-09-07 11:59:46.398  INFO 14488 --- [    Test worker] o.s.s.web.DefaultSecurityFilterChain     : Will not secure Ant [pattern='/pages/**']
2022-09-07 11:59:46.399  WARN 14488 --- [    Test worker] o.s.s.c.a.web.builders.WebSecurity       : You are asking Spring Security to ignore Ant [pattern='/v2/api-docs']. This is not recommended -- please use permitAll via HttpSecurity#authorizeHttpRequests instead.
2022-09-07 11:59:46.399  INFO 14488 --- [    Test worker] o.s.s.web.DefaultSecurityFilterChain     : Will not secure Ant [pattern='/v2/api-docs']
2022-09-07 11:59:46.399  WARN 14488 --- [    Test worker] o.s.s.c.a.web.builders.WebSecurity       : You are asking Spring Security to ignore Ant [pattern='/configuration/**']. This is not recommended -- please use permitAll via HttpSecurity#authorizeHttpRequests instead.
2022-09-07 11:59:46.399  INFO 14488 --- [    Test worker] o.s.s.web.DefaultSecurityFilterChain     : Will not secure Ant [pattern='/configuration/**']
2022-09-07 11:59:46.399  WARN 14488 --- [    Test worker] o.s.s.c.a.web.builders.WebSecurity       : You are asking Spring Security to ignore Ant [pattern='/swagger*/**']. This is not recommended -- please use permitAll via HttpSecurity#authorizeHttpRequests instead.
2022-09-07 11:59:46.399  INFO 14488 --- [    Test worker] o.s.s.web.DefaultSecurityFilterChain     : Will not secure Ant [pattern='/swagger*/**']
2022-09-07 11:59:46.399  WARN 14488 --- [    Test worker] o.s.s.c.a.web.builders.WebSecurity       : You are asking Spring Security to ignore Ant [pattern='/webjars/**']. This is not recommended -- please use permitAll via HttpSecurity#authorizeHttpRequests instead.
2022-09-07 11:59:46.399  INFO 14488 --- [    Test worker] o.s.s.web.DefaultSecurityFilterChain     : Will not secure Ant [pattern='/webjars/**']
2022-09-07 11:59:46.399  WARN 14488 --- [    Test worker] o.s.s.c.a.web.builders.WebSecurity       : You are asking Spring Security to ignore Ant [pattern='/swagger-ui.html']. This is not recommended -- please use permitAll via HttpSecurity#authorizeHttpRequests instead.
2022-09-07 11:59:46.399  INFO 14488 --- [    Test worker] o.s.s.web.DefaultSecurityFilterChain     : Will not secure Ant [pattern='/swagger-ui.html']
2022-09-07 11:59:46.649  INFO 14488 --- [    Test worker] o.s.s.web.DefaultSecurityFilterChain     : Will secure any request with [org.springframework.security.web.context.request.async.WebAsyncManagerIntegrationFilter@56cd8903, org.springframework.security.web.context.SecurityContextPersistenceFilter@92f6ae6, org.springframework.security.web.header.HeaderWriterFilter@50dfac19, org.springframework.security.web.authentication.logout.LogoutFilter@5867c87, petPeople.pet.filter.MockJwtFilter@4bd0d62f, org.springframework.security.web.savedrequest.RequestCacheAwareFilter@50eaafd6, org.springframework.security.web.servletapi.SecurityContextHolderAwareRequestFilter@6b951ee5, org.springframework.security.web.authentication.AnonymousAuthenticationFilter@71ebd1d9, org.springframework.security.web.session.SessionManagementFilter@2a9732a7, org.springframework.security.web.access.ExceptionTranslationFilter@22ab40c1, org.springframework.security.web.access.intercept.FilterSecurityInterceptor@64e06cf0]
2022-09-07 11:59:49.631  INFO 14488 --- [    Test worker] petPeople.pet.aspect.LogTraceAspectTest  : Started LogTraceAspectTest in 10.657 seconds (JVM running for 24.86)
]]></system-out>
  <system-err><![CDATA[]]></system-err>
</testsuite>
